   Compiling snforge_scarb_plugin v0.32.0
    Finished `release` profile [optimized] target(s) in 0.05s
   Compiling l1_message_proxy v0.1.0 (/home/ametel/source/fossil-light-client/contracts/starknet/l1_message_proxy/Scarb.toml)
   Compiling lib(store) store v0.1.0 (/home/ametel/source/fossil-light-client/contracts/starknet/store/Scarb.toml)
   Compiling starknet-contract(store) store v0.1.0 (/home/ametel/source/fossil-light-client/contracts/starknet/store/Scarb.toml)
    Finished `dev` profile target(s) in 14 seconds
Declaring Fossil Store contract...
Class hash declared: 0x0198f5fa9a4a1f185a7e4aa2f15f46b9952c909048259e90b966c740de2f9f48
Deploying Fossil Store contract...
Contract address: 0x0678d6113bba49e7a077c5b69f99cebf124ca984f7793fb5346ca995fc67bc23
Declaring Fossil L1MessageProxy contract...
Class hash declared: 0x029f14d7694abf4c46a67cc8e1093ec7bd2f80ddd8be190bf8f0d3b21f06ed78
Deploying Fossil L1MessageProxy contract...
Contract address: 0x043ecf6df61ae1b3283ee1fe88058d0362620c3e98ef809de3fe5015f0bfcc76
Declaring Universal ECIP contract...
Class hash declared: 0x0024d3d47a711301ef6d72ec8aa33b89905093a2659e830f0ce418a2b77536c6
Declaring Groth16 Verifier contract...
Class hash declared: 0x05d1547e42ee85507cf1f5c9f3bd59e6e77e7edef8237f6fcd8220e7c08fbb54
Deploying Groth16 Verifier contract...
Contract deployed at: 0x00adf6edf60edbdec2569f9b597cd6930893c2952d9d1f4e977ed1f3d1391aba
All contracts deployed!
L2_MSG_PROXY already exists, replacing...
FOSSIL_STORE already exists, replacing...
STARKNET_VERIFIER already exists, replacing...
Environment variables successfully updated in ../../.env
