

                             _   _
                            (_) | |
      __ _   _ __   __   __  _  | |
     / _` | | '_ \  \ \ / / | | | |
    | (_| | | | | |  \ V /  | | | |
     \__,_| |_| |_|   \_/   |_| |_|

    0.2.0 (e028b92 2024-11-11T00:22:42.245213839Z)
    https://github.com/foundry-rs/foundry

Available Accounts
==================

(0) 0xf39Fd6e51aad88F6F4ce6aB8827279cffFb92266 (10000.000000000000000000 ETH)
(1) 0x70997970C51812dc3A010C7d01b50e0d17dc79C8 (10000.000000000000000000 ETH)
(2) 0x3C44CdDdB6a900fa2b585dd299e03d12FA4293BC (10000.000000000000000000 ETH)
(3) 0x90F79bf6EB2c4f870365E785982E1f101E93b906 (10000.000000000000000000 ETH)
(4) 0x15d34AAf54267DB7D7c367839AAf71A00a2C6A65 (10000.000000000000000000 ETH)
(5) 0x9965507D1a55bcC2695C58ba16FB37d819B0A4dc (10000.000000000000000000 ETH)
(6) 0x976EA74026E726554dB657fA54763abd0C3a0aa9 (10000.000000000000000000 ETH)
(7) 0x14dC79964da2C08b23698B3D3cc7Ca32193d9955 (10000.000000000000000000 ETH)
(8) 0x23618e81E3f5cdF7f54C3d65f7FBc0aBf5B21E8f (10000.000000000000000000 ETH)
(9) 0xa0Ee7A142d267C1f36714E4a8F75612F20a79720 (10000.000000000000000000 ETH)

Private Keys
==================

(0) 0xac0974bec39a17e36ba4a6b4d238ff944bacb478cbed5efcae784d7bf4f2ff80
(1) 0x59c6995e998f97a5a0044966f0945389dc9e86dae88c7a8412f4603b6b78690d
(2) 0x5de4111afa1a4b94908f83103eb1f1706367c2e68ca870fc3fb9a804cdab365a
(3) 0x7c852118294e51e653712a81e05800f419141751be58f605c371e15141b007a6
(4) 0x47e179ec197488593b187f80a00eb0da91f1b9d0b13f8733639f19c30a34926a
(5) 0x8b3a350cf5c34c9194ca85829a2df0ec3153be0318b5e2d3348e872092edffba
(6) 0x92db14e403b83dfe3df233f83dfa3a0d7096f21ca9b0d6d6b8d88b2b4ec1564e
(7) 0x4bbbf85ce3377467afe5d46f804f221813b2bb87f24d81f60f1fcdbf7cbf4356
(8) 0xdbda1821b80551c9d65939329250298aa3472ba22feea921c0cf5d620ea67b97
(9) 0x2a871d0798f97d79848a013d4936a73bf4cc922c825d33c1cf7073dff6d409c6

Wallet
==================
Mnemonic:          test test test test test test test test test test test junk
Derivation path:   m/44'/60'/0'/0/


Fork
==================
Endpoint:       http://38.154.254.162:8545
Block number:   21184086
Block hash:     0xff1e3d11ec6d77b4b655687503d4db6c37f46b73159f5ebe7fc87b6edaf81dc8
Chain ID:       1

Base Fee
==================

36098001161

Gas Limit
==================

30000000

Genesis Timestamp
==================

1731565009

Listening on 127.0.0.1:8545
eth_getTransactionCount
eth_getCode
eth_blockNumber
eth_gasPrice
eth_chainId
eth_getBlockByNumber
eth_blockNumber
eth_gasPrice
eth_chainId
eth_getBlockByNumber
eth_getCode
eth_getBalance
eth_getTransactionCount
eth_getBalance
eth_getTransactionCount
eth_getCode
eth_getBalance
eth_getCode
eth_getTransactionCount
eth_getCode
eth_getTransactionCount
eth_getBalance
eth_getStorageAt
eth_getBalance
eth_getCode
eth_getTransactionCount
eth_getTransactionCount
eth_getCode
eth_getBalance
eth_getBalance
eth_getCode
eth_getTransactionCount
eth_chainId
eth_chainId
eth_blockNumber
eth_gasPrice
eth_chainId
eth_getBlockByNumber
eth_chainId
eth_feeHistory
eth_feeHistory
eth_sendRawTransaction
eth_sendRawTransaction
eth_getTransactionReceipt
eth_getTransactionReceipt
eth_getTransactionReceipt
eth_getTransactionReceipt
eth_blockNumber
eth_getBlockByNumber
eth_getTransactionReceipt
eth_getTransactionReceipt
eth_blockNumber
eth_getTransactionReceipt
eth_getTransactionReceipt
eth_getTransactionReceipt
eth_getTransactionReceipt
eth_blockNumber
eth_getTransactionReceipt
eth_getTransactionReceipt
eth_blockNumber
eth_getTransactionReceipt
eth_getTransactionReceipt
eth_blockNumber
eth_getTransactionReceipt
eth_getTransactionReceipt
eth_blockNumber
eth_getTransactionReceipt
eth_getTransactionReceipt
eth_blockNumber
eth_getTransactionReceipt
eth_getTransactionReceipt
eth_blockNumber
eth_getTransactionReceipt
eth_getTransactionReceipt
eth_blockNumber
eth_getTransactionReceipt
eth_getTransactionReceipt
eth_blockNumber
eth_getTransactionReceipt
eth_getTransactionReceipt
eth_blockNumber
eth_getTransactionReceipt
eth_getTransactionReceipt
eth_blockNumber
eth_getTransactionReceipt
eth_getTransactionReceipt
eth_blockNumber
eth_getTransactionReceipt
eth_getTransactionReceipt
eth_blockNumber
eth_getTransactionReceipt
eth_getTransactionReceipt
eth_blockNumber
eth_getTransactionReceipt
eth_getTransactionReceipt
eth_blockNumber
eth_getTransactionReceipt
eth_getTransactionReceipt
eth_blockNumber
eth_getTransactionReceipt
eth_getTransactionReceipt
eth_blockNumber
eth_getTransactionReceipt
eth_getTransactionReceipt
eth_blockNumber
eth_getTransactionReceipt
eth_getTransactionReceipt
eth_blockNumber
eth_getTransactionReceipt
eth_getTransactionReceipt
eth_blockNumber
eth_getTransactionReceipt
eth_getTransactionReceipt
eth_blockNumber
eth_getTransactionReceipt
eth_getTransactionReceipt
eth_blockNumber
eth_getTransactionReceipt
eth_getTransactionReceipt
eth_blockNumber

    Transaction: 0x61c73e2cb81ef9321f2648d09d54d9f73d37b9520b12f971827c872cb14124e2
    Contract created: 0xA899118f4BCCb62F8c6A37887a4F450D8a4E92E0
    Gas used: 817167

    Transaction: 0x635cce3b3608d6ef4989a18bb30f82c61ac2bfc3ceeffe5b60b09626744e3c5c
    Contract created: 0xb60971942E4528A811D24826768Bc91ad1383D21
    Gas used: 1046031

    Block Number: 21184087
    Block Hash: 0xb2d7179e5a71aafe5cb6d725ba1c92b9c9a73aa7fd9d55d50b287b697b35ac0d
    Block Time: "Thu, 14 Nov 2024 06:16:47 +0000"

eth_getTransactionReceipt
eth_getTransactionReceipt
eth_blockNumber
eth_getLogs
eth_blockNumber
eth_getLogs
eth_blockNumber
eth_getLogs
eth_blockNumber
eth_getLogs
eth_blockNumber
eth_getLogs
eth_blockNumber
eth_getLogs

    Block Number: 21184088
    Block Hash: 0x475c8492b931b029278ed2b9ce2789f086f9dfbeec963f86f468d24bbc4470f7
    Block Time: "Thu, 14 Nov 2024 06:16:59 +0000"

eth_blockNumber
eth_getLogs
eth_blockNumber
eth_getLogs
eth_blockNumber
eth_getLogs
eth_blockNumber
eth_getLogs
eth_blockNumber
eth_getLogs
eth_blockNumber
eth_getLogs

    Block Number: 21184089
    Block Hash: 0xa78c24daeb58fe57b78f223cfea23e141ea52957fabfcb8956b0cefcb3d3cafd
    Block Time: "Thu, 14 Nov 2024 06:17:11 +0000"

eth_blockNumber
eth_getLogs
eth_blockNumber
eth_getLogs
eth_blockNumber
eth_getLogs
eth_blockNumber
eth_getLogs
eth_blockNumber
eth_getLogs
eth_blockNumber
eth_getLogs

    Block Number: 21184090
    Block Hash: 0xd8dd227df49df163d54e3c5c52e4d232cdc2f816282860f7c90c748dcca7b4eb
    Block Time: "Thu, 14 Nov 2024 06:17:23 +0000"

eth_blockNumber
eth_getLogs
eth_blockNumber
eth_getLogs
eth_blockNumber
eth_getLogs
eth_blockNumber
eth_getLogs
eth_blockNumber
eth_getLogs
eth_blockNumber
eth_getLogs

    Block Number: 21184091
    Block Hash: 0x95fdfbaa0324e2cc2dcc937b19aedb2de314cb7e94304b554cb6ebb83458fb7d
    Block Time: "Thu, 14 Nov 2024 06:17:35 +0000"

eth_blockNumber
eth_getLogs
eth_blockNumber
eth_getLogs
eth_chainId
eth_feeHistory
eth_getTransactionCount
eth_estimateGas
eth_sendRawTransaction
eth_blockNumber
eth_blockNumber
eth_getLogs
eth_blockNumber
eth_getLogs
eth_blockNumber
eth_getLogs
eth_getBlockByNumber
eth_blockNumber
eth_getLogs

    Transaction: 0xe1dd8df4111c45aef20d89e08736d3f9ec8ff7b57dce7fa478729c3966aedaa1
    Gas used: 85445

    Block Number: 21184092
    Block Hash: 0x2958c0b36ebe541428f12ae5ee8a285feb6cde0795abd4379b44feed8ed8ca5e
    Block Time: "Thu, 14 Nov 2024 06:17:47 +0000"

eth_blockNumber
eth_getLogs
eth_blockNumber
eth_getLogs
eth_blockNumber
eth_getLogs
eth_blockNumber
eth_getLogs
eth_blockNumber
eth_getLogs
eth_blockNumber
eth_getLogs

    Block Number: 21184093
    Block Hash: 0x489066dd0a1444504cf9e3b2dd6b1012c81f3a3ad5eb7590a7cc8885fa1d5729
    Block Time: "Thu, 14 Nov 2024 06:17:59 +0000"

eth_blockNumber
eth_getLogs
eth_blockNumber
eth_getLogs
eth_blockNumber
eth_getLogs
eth_blockNumber
eth_getLogs
eth_blockNumber
eth_getLogs
eth_blockNumber
eth_getLogs

    Block Number: 21184094
    Block Hash: 0x3763912629bbae27ffeeb782cbc064c139e58c3085f4278d71b0d21d3b68d6f0
    Block Time: "Thu, 14 Nov 2024 06:18:11 +0000"

eth_blockNumber
eth_getLogs
eth_blockNumber
eth_getLogs
eth_blockNumber
eth_getLogs
eth_blockNumber
eth_getLogs
eth_blockNumber
eth_getLogs
eth_blockNumber
eth_getLogs

    Block Number: 21184095
    Block Hash: 0x74eb0d0dde6f4a6258434dbf0e8b7da4b204a0a9e6eebb72285a28dc87757842
    Block Time: "Thu, 14 Nov 2024 06:18:23 +0000"

eth_blockNumber
eth_getLogs
eth_blockNumber
eth_getLogs
eth_blockNumber
eth_getLogs
eth_blockNumber
eth_getLogs
eth_blockNumber
eth_getLogs
eth_blockNumber
eth_getLogs

    Block Number: 21184096
    Block Hash: 0xb0db59e4246acf9723777a329c7ff08491748b6c28e2137b0f7b8ab2b733fb46
    Block Time: "Thu, 14 Nov 2024 06:18:35 +0000"

eth_blockNumber
eth_getLogs
eth_blockNumber
eth_getLogs
eth_blockNumber
eth_getLogs
eth_blockNumber
eth_getLogs
eth_blockNumber
eth_getLogs
eth_blockNumber
eth_getLogs

    Block Number: 21184097
    Block Hash: 0x8f925c586d60a9a5c90ac03e6077c1dd5188b258ea3a39dbc853604c0d078707
    Block Time: "Thu, 14 Nov 2024 06:18:47 +0000"

eth_blockNumber
eth_getLogs
eth_blockNumber
eth_getLogs
eth_blockNumber
eth_getLogs
eth_blockNumber
eth_getLogs
eth_blockNumber
eth_getLogs
eth_blockNumber
eth_getLogs

    Block Number: 21184098
    Block Hash: 0x60be62fd53cbfac5774575b3137933fc3f85d50f8c709822cddff76364778fa9
    Block Time: "Thu, 14 Nov 2024 06:18:59 +0000"

eth_blockNumber
eth_getLogs
eth_blockNumber
eth_getLogs
eth_blockNumber
eth_getLogs
eth_blockNumber
eth_getLogs
eth_blockNumber
eth_getLogs
eth_blockNumber
eth_getLogs

    Block Number: 21184099
    Block Hash: 0x928bc92a08c22e6f33a0ad0f990a454bad21ae48e75b3c378b1f8b8f8e8632b7
    Block Time: "Thu, 14 Nov 2024 06:19:11 +0000"

eth_blockNumber
eth_getLogs
eth_blockNumber
eth_getLogs
eth_blockNumber
eth_getLogs
eth_blockNumber
eth_getLogs
eth_blockNumber
eth_getLogs
eth_blockNumber
eth_getLogs

    Block Number: 21184100
    Block Hash: 0xcf8c54ab155dd1acf55032ee52580b0255cdb1331ec6ec44e268662d563c48cd
    Block Time: "Thu, 14 Nov 2024 06:19:23 +0000"

eth_blockNumber
eth_getLogs
eth_blockNumber
eth_getLogs
eth_blockNumber
eth_getLogs
eth_blockNumber
eth_getLogs
